\BOOKMARK [0][-]{chapter.1}{¿A quién va dirigido este libro?}{}% 1
\BOOKMARK [1][-]{section.1.1}{Instalando\040R\040Y\040Rstudio}{chapter.1}% 2
\BOOKMARK [0][-]{chapter.2}{Introducción}{}% 3
\BOOKMARK [1][-]{section.2.1}{Estadística descriptiva e inferencial}{chapter.2}% 4
\BOOKMARK [1][-]{section.2.2}{Tipos\040de\040Variables}{chapter.2}% 5
\BOOKMARK [1][-]{section.2.3}{Primeros\040pasos\040en\040R}{chapter.2}% 6
\BOOKMARK [1][-]{section.2.4}{Medidas\040de\040Tendencia\040Central}{chapter.2}% 7
\BOOKMARK [1][-]{section.2.5}{Medidas de posición \(Cuantiles\)}{chapter.2}% 8
\BOOKMARK [1][-]{section.2.6}{Medidas de dispersión}{chapter.2}% 9
\BOOKMARK [1][-]{section.2.7}{Tablas\040de\040frecuencia}{chapter.2}% 10
\BOOKMARK [1][-]{section.2.8}{Tablas\040de\040Contingencia}{chapter.2}% 11
\BOOKMARK [1][-]{section.2.9}{Gráficos y Visualización}{chapter.2}% 12
\BOOKMARK [0][-]{chapter.3}{Pruebas de Hipótesis}{}% 13
\BOOKMARK [1][-]{section.3.1}{Intervalos\040de\040Confianza}{chapter.3}% 14
\BOOKMARK [1][-]{section.3.2}{Pruebas de hipótesis para la media}{chapter.3}% 15
\BOOKMARK [1][-]{section.3.3}{Pruebas de hipótesis para la proporción}{chapter.3}% 16
\BOOKMARK [0][-]{chapter.4}{Regresión}{}% 17
\BOOKMARK [0][-]{chapter.5}{Análisis Factorial}{}% 18
\BOOKMARK [1][-]{section.5.1}{Análisis de Fiabilidad}{chapter.5}% 19
\BOOKMARK [1][-]{section.5.2}{Evaluación de Análisis Factorial}{chapter.5}% 20
\BOOKMARK [0][-]{chapter.6}{Algo\040de\040series\040de\040tiempo}{}% 21
